[debug] [2017-07-12T07:56:57.555Z] ----------------------------------------------------------------------
[debug] [2017-07-12T07:56:57.555Z] Command:      C:\Program Files\nodejs\node.exe C:\Users\rawan\AppData\Roaming\npm\node_modules\firebase-tools\bin\firebase serve --only functions
[debug] [2017-07-12T07:56:57.555Z] CLI Version:  3.9.1
[debug] [2017-07-12T07:56:57.555Z] Platform:     win32
[debug] [2017-07-12T07:56:57.555Z] Node Version: v8.1.3
[debug] [2017-07-12T07:56:57.555Z] Time:         Wed Jul 12 2017 09:56:57 GMT+0200 (Egypt Standard Time)
[debug] [2017-07-12T07:56:57.555Z] ----------------------------------------------------------------------
[debug] 
[debug] [2017-07-12T07:56:57.575Z] > command requires scopes: ["email","openid","https://www.googleapis.com/auth/cloudplatformprojects.readonly","https://www.googleapis.com/auth/firebase","https://www.googleapis.com/auth/cloud-platform"]
[debug] [2017-07-12T07:56:57.575Z] > authorizing via signed-in user
[debug] [2017-07-12T07:56:57.575Z] >>> HTTP REQUEST GET https://admin.firebase.com/v1/projects/talentdraw-692d3  
 Wed Jul 12 2017 09:56:57 GMT+0200 (Egypt Standard Time)
[debug] [2017-07-12T07:56:58.686Z] <<< HTTP RESPONSE 200
[debug] [2017-07-12T07:56:58.687Z] >>> HTTP REQUEST GET https://admin.firebase.com/v1/database/talentdraw-692d3/tokens  
 Wed Jul 12 2017 09:56:58 GMT+0200 (Egypt Standard Time)
[debug] [2017-07-12T07:56:59.406Z] <<< HTTP RESPONSE 200
[info] 
[info] === Serving from 'C:\Users\rawan\cloud_function'...
[info] 
[info] i  functions: Preparing to emulate HTTPS functions. Support for other event types coming soon.
[debug] [2017-07-12T07:57:00.628Z] >>> HTTP REQUEST GET https://appengine.googleapis.com/v1/apps/talentdraw-692d3  
 Wed Jul 12 2017 09:57:00 GMT+0200 (Egypt Standard Time)
[debug] [2017-07-12T07:57:00.630Z] >>> HTTP REQUEST GET https://apikeys.googleapis.com/v1/projects/talentdraw-692d3/apiKeys  
 Wed Jul 12 2017 09:57:00 GMT+0200 (Egypt Standard Time)
[debug] [2017-07-12T07:57:01.893Z] <<< HTTP RESPONSE 200
[debug] [2017-07-12T07:57:02.058Z] <<< HTTP RESPONSE 200
[warn] !  functions: Failed to load functions source code. Ensure that you have the latest SDK by running npm i --save firebase-functions inside the functions directory. Please note that emulation of custom config values are not supported yet. Run firebase serve --only hosting to only serve hosting files.

FirebaseError: Error occurred while parsing your function triggers.

ReferenceError: config is not defined
    at Object.<anonymous> (C:\Users\rawan\cloud_function\functions\index.js:10:13)
    at Module._compile (module.js:569:30)
    at Object.Module._extensions..js (module.js:580:10)
    at Module.load (module.js:503:32)
    at tryModuleLoad (module.js:466:12)
    at Function.Module._load (module.js:458:3)
    at Module.require (module.js:513:17)
    at require (internal/module.js:11:18)
    at C:\Users\rawan\AppData\Roaming\npm\node_modules\firebase-tools\lib\triggerParser.js:18:11
    at Object.<anonymous> (C:\Users\rawan\AppData\Roaming\npm\node_modules\firebase-tools\lib\triggerParser.js:32:3)
[info] i  functions: No HTTPS functions emulated. Support for other function types are coming soon.
